<?xml version="1.0" encoding="utf-8"?><testsuite errors="0" failures="0" name="pytest" skips="0" tests="17" time="13.786"><testcase classname="pet.test_pet_smoke" file="pet\test_pet_smoke.py" line="9" name="test_pet[pet_provider0]" time="1.2321133613586426"></testcase><testcase classname="pet.test_pet_smoke" file="pet\test_pet_smoke.py" line="9" name="test_pet[pet_provider1]" time="1.2187457084655762"></testcase><testcase classname="pet.test_pet_smoke" file="pet\test_pet_smoke.py" line="9" name="test_pet[pet_provider2]" time="1.210813045501709"></testcase><testcase classname="pet.delete.test_delete" file="pet\delete\test_delete.py" line="7" name="test_delete_existing_pet[pet_provider0]" time="0.48735642433166504"></testcase><testcase classname="pet.delete.test_delete" file="pet\delete\test_delete.py" line="7" name="test_delete_existing_pet[pet_provider1]" time="0.4949355125427246"></testcase><testcase classname="pet.delete.test_delete" file="pet\delete\test_delete.py" line="7" name="test_delete_existing_pet[pet_provider2]" time="0.4886479377746582"></testcase><testcase classname="pet.delete.test_delete" file="pet\delete\test_delete.py" line="15" name="test_delete_not_existing_pet[pet_provider0]" time="3.745316743850708"></testcase><testcase classname="pet.delete.test_delete" file="pet\delete\test_delete.py" line="15" name="test_delete_not_existing_pet[pet_provider1]" time="0.7323987483978271"></testcase><testcase classname="pet.delete.test_delete" file="pet\delete\test_delete.py" line="15" name="test_delete_not_existing_pet[pet_provider2]" time="0.7374544143676758"></testcase><testcase classname="pet.get.test_get_tags" file="pet\get\test_get_tags.py" line="4" name="test_get_pet[pet_provider0]" time="0.48616504669189453"></testcase><testcase classname="pet.get.test_get_tags" file="pet\get\test_get_tags.py" line="4" name="test_get_pet[pet_provider1]" time="0.4926259517669678"></testcase><testcase classname="pet.get.test_get_tags" file="pet\get\test_get_tags.py" line="4" name="test_get_pet[pet_provider2]" time="0.4853699207305908"></testcase><testcase classname="pet.post.test_add_pet" file="pet\post\test_add_pet.py" line="8" name="test_add_pet[pet_provider0]" time="0.24790072441101074"></testcase><testcase classname="pet.post.test_add_pet" file="pet\post\test_add_pet.py" line="8" name="test_add_pet[pet_provider1]" time="0.24815964698791504"></testcase><testcase classname="pet.post.test_add_pet" file="pet\post\test_add_pet.py" line="8" name="test_add_pet[pet_provider2]" time="0.24774527549743652"></testcase><testcase classname="pet.post.test_add_pet" file="pet\post\test_add_pet.py" line="17" name="test_add_pet_negative[wrong_pet_provider0]" time="0.2561793327331543"></testcase><testcase classname="pet.post.test_add_pet" file="pet\post\test_add_pet.py" line="26" name="test_update_pet_negative[wrong_pet_provider0]" time="0.24694085121154785"></testcase></testsuite>