<?xml version="1.0" encoding="utf-8"?><testsuite errors="0" failures="0" name="pytest" skips="0" tests="17" time="10.539"><testcase classname="pet.test_pet_smoke" file="pet\test_pet_smoke.py" line="9" name="test_pet[pet_provider0]" time="1.219254732131958"></testcase><testcase classname="pet.test_pet_smoke" file="pet\test_pet_smoke.py" line="9" name="test_pet[pet_provider1]" time="1.2248237133026123"></testcase><testcase classname="pet.test_pet_smoke" file="pet\test_pet_smoke.py" line="9" name="test_pet[pet_provider2]" time="1.2127411365509033"></testcase><testcase classname="pet.delete.test_delete" file="pet\delete\test_delete.py" line="7" name="test_delete_existing_pet[pet_provider0]" time="0.4821949005126953"></testcase><testcase classname="pet.delete.test_delete" file="pet\delete\test_delete.py" line="7" name="test_delete_existing_pet[pet_provider1]" time="0.48668956756591797"></testcase><testcase classname="pet.delete.test_delete" file="pet\delete\test_delete.py" line="7" name="test_delete_existing_pet[pet_provider2]" time="0.486771821975708"></testcase><testcase classname="pet.delete.test_delete" file="pet\delete\test_delete.py" line="15" name="test_delete_not_existing_pet[pet_provider0]" time="0.7471292018890381"></testcase><testcase classname="pet.delete.test_delete" file="pet\delete\test_delete.py" line="15" name="test_delete_not_existing_pet[pet_provider1]" time="0.732715368270874"></testcase><testcase classname="pet.delete.test_delete" file="pet\delete\test_delete.py" line="15" name="test_delete_not_existing_pet[pet_provider2]" time="0.7304449081420898"></testcase><testcase classname="pet.get.test_get_tags" file="pet\get\test_get_tags.py" line="5" name="test_get_pet[pet_provider0]" time="0.4969756603240967"></testcase><testcase classname="pet.get.test_get_tags" file="pet\get\test_get_tags.py" line="5" name="test_get_pet[pet_provider1]" time="0.48613786697387695"></testcase><testcase classname="pet.get.test_get_tags" file="pet\get\test_get_tags.py" line="5" name="test_get_pet[pet_provider2]" time="0.4958770275115967"></testcase><testcase classname="pet.post.test_add_pet" file="pet\post\test_add_pet.py" line="8" name="test_add_pet[pet_provider0]" time="0.24343252182006836"></testcase><testcase classname="pet.post.test_add_pet" file="pet\post\test_add_pet.py" line="8" name="test_add_pet[pet_provider1]" time="0.24656462669372559"></testcase><testcase classname="pet.post.test_add_pet" file="pet\post\test_add_pet.py" line="8" name="test_add_pet[pet_provider2]" time="0.2505834102630615"></testcase><testcase classname="pet.post.test_add_pet" file="pet\post\test_add_pet.py" line="17" name="test_add_pet_negative[wrong_pet_provider0]" time="0.24793529510498047"></testcase><testcase classname="pet.post.test_add_pet" file="pet\post\test_add_pet.py" line="26" name="test_update_pet_negative[wrong_pet_provider0]" time="0.24536466598510742"></testcase></testsuite>